#
# There is insufficient memory for the Java Runtime Environment to continue.
# Native memory allocation (malloc) failed to allocate 1048576 bytes for AllocateHeap
# Possible reasons:
#   The system is out of physical RAM or swap space
#   The process is running with CompressedOops enabled, and the Java Heap may be blocking the growth of the native heap
# Possible solutions:
#   Reduce memory load on the system
#   Increase physical memory or swap space
#   Check if swap backing store is full
#   Decrease Java heap size (-Xmx/-Xms)
#   Decrease number of Java threads
#   Decrease Java thread stack sizes (-Xss)
#   Set larger code cache with -XX:ReservedCodeCacheSize=
#   JVM is running with Unscaled Compressed Oops mode in which the Java heap is
#     placed in the first 4GB address space. The Java Heap base address is the
#     maximum limit for the native heap growth. Please use -XX:HeapBaseMinAddress
#     to set the Java Heap base and to place the Java Heap above 4GB virtual address.
# This output file may be truncated or incomplete.
#
#  Out of Memory Error (allocation.cpp:44), pid=30080, tid=19744
#
# JRE version:  (21.0.1+12) (build )
# Java VM: OpenJDK 64-Bit Server VM (21.0.1+12-LTS, mixed mode, emulated-client, sharing, tiered, compressed oops, compressed class ptrs, g1 gc, windows-amd64)
# No core dump will be written. Minidumps are not enabled by default on client versions of Windows
#

---------------  S U M M A R Y ------------

Command Line: -XX:TieredStopAtLevel=1 MJC.RGSons.RgSonsApplication

Host: Intel(R) Core(TM) i7-8665U CPU @ 1.90GHz, 8 cores, 7G,  Windows 11 , 64 bit Build 26100 (10.0.26100.7309)
Time: Thu Jan  8 19:20:21 2026 India Standard Time elapsed time: 0.113115 seconds (0d 0h 0m 0s)

---------------  T H R E A D  ---------------

Current thread (0x000001a076244c00):  JavaThread "Unknown thread" [_thread_in_vm, id=19744, stack(0x0000004cb9900000,0x0000004cb9a00000) (1024K)]

Stack: [0x0000004cb9900000,0x0000004cb9a00000]
Native frames: (J=compiled Java code, j=interpreted, Vv=VM code, C=native code)
V  [jvm.dll+0x6c7789]
V  [jvm.dll+0x8a2011]
V  [jvm.dll+0x8a44ae]
V  [jvm.dll+0x8a4b83]
V  [jvm.dll+0x27f936]
V  [jvm.dll+0xbf4e7]
V  [jvm.dll+0x325665]
V  [jvm.dll+0x86b0bd]
V  [jvm.dll+0x3b9271]
V  [jvm.dll+0x8532c8]
V  [jvm.dll+0x44cffe]
V  [jvm.dll+0x44ea81]
C  [jli.dll+0x5278]
C  [ucrtbase.dll+0x37b0]
C  [KERNEL32.DLL+0x2e8d7]
C  [ntdll.dll+0x8c53c]


---------------  P R O C E S S  ---------------

Threads class SMR info:
_java_thread_list=0x00007ff96672e088, length=0, elements={
}

Java Threads: ( => current thread )
Total: 0

Other Threads:

=>0x000001a076244c00 (exited) JavaThread "Unknown thread"    [_thread_in_vm, id=19744, stack(0x0000004cb9900000,0x0000004cb9a00000) (1024K)]
Total: 1

Threads with active compile tasks:
Total: 0

VM state: not at safepoint (not fully initialized)

VM Mutex/Monitor currently owned by a thread: None

Heap address: 0x0000000000000000, size: 0 MB, Compressed Oops mode: 32-bit

CDS archive(s) mapped at: [0x0000000000000000-0x0000000000000000-0x0000000000000000), size 0, SharedBaseAddress: 0x0000000800000000, ArchiveRelocationMode: 1.
Narrow klass base: 0x0000000000000000, Narrow klass shift: 0, Narrow klass range: 0x0

GC Precious Log:
 CardTable entry size: 512
 Card Set container configuration: InlinePtr #cards 5 size 8 Array Of Cards #cards 12 size 40 Howl #buckets 4 coarsen threshold 1843 Howl Bitmap #cards 512 size 80 coarsen threshold 460 Card regions per heap region 1 cards per card region 2048

GC Heap History (0 events):
No events

Dll operation events (1 events):
Event: 0.016 Loaded shared library D:\Java\jdk-21.0.1+12\bin\java.dll

Deoptimization events (0 events):
No events

Classes loaded (0 events):
No events

Classes unloaded (0 events):
No events

Classes redefined (0 events):
No events

Internal exceptions (0 events):
No events

ZGC Phase Switch (0 events):
No events

VM Operations (0 events):
No events

Events (0 events):
No events


Dynamic libraries:
0x00007ff62e3c0000 - 0x00007ff62e3ce000 	D:\Java\jdk-21.0.1+12\bin\java.exe
0x00007ffa2e660000 - 0x00007ffa2e8c7000 	C:\WINDOWS\SYSTEM32\ntdll.dll
0x00007ffa2c500000 - 0x00007ffa2c5c9000 	C:\WINDOWS\System32\KERNEL32.DLL
0x00007ffa2b7b0000 - 0x00007ffa2bb9f000 	C:\WINDOWS\System32\KERNELBASE.dll
0x00007ffa16450000 - 0x00007ffa1646b000 	D:\Java\jdk-21.0.1+12\bin\VCRUNTIME140.dll
0x00007ffa16470000 - 0x00007ffa16488000 	D:\Java\jdk-21.0.1+12\bin\jli.dll
0x00007ffa2db10000 - 0x00007ffa2dcd5000 	C:\WINDOWS\System32\USER32.dll
0x00007ffa2bbb0000 - 0x00007ffa2bbd7000 	C:\WINDOWS\System32\win32u.dll
0x00007ffa2e400000 - 0x00007ffa2e42b000 	C:\WINDOWS\System32\GDI32.dll
0x00007ffa2c240000 - 0x00007ffa2c36c000 	C:\WINDOWS\System32\gdi32full.dll
0x00007ffa2bf70000 - 0x00007ffa2c013000 	C:\WINDOWS\System32\msvcp_win.dll
0x00007ffa11960000 - 0x00007ffa11bf3000 	C:\WINDOWS\WinSxS\amd64_microsoft.windows.common-controls_6595b64144ccf1df_6.0.26100.7309_none_3e05feeae336a044\COMCTL32.dll
0x00007ffa2d420000 - 0x00007ffa2d4c9000 	C:\WINDOWS\System32\msvcrt.dll
0x00007ffa2be20000 - 0x00007ffa2bf6b000 	C:\WINDOWS\System32\ucrtbase.dll
0x00007ffa2d2c0000 - 0x00007ffa2d2f1000 	C:\WINDOWS\System32\IMM32.DLL
0x00007ffa263e0000 - 0x00007ffa263ec000 	D:\Java\jdk-21.0.1+12\bin\vcruntime140_1.dll
0x00007ffa138d0000 - 0x00007ffa1395e000 	D:\Java\jdk-21.0.1+12\bin\msvcp140.dll
0x00007ff965b00000 - 0x00007ff966881000 	D:\Java\jdk-21.0.1+12\bin\server\jvm.dll
0x00007ffa2e4b0000 - 0x00007ffa2e564000 	C:\WINDOWS\System32\ADVAPI32.dll
0x00007ffa2e570000 - 0x00007ffa2e616000 	C:\WINDOWS\System32\sechost.dll
0x00007ffa2d300000 - 0x00007ffa2d418000 	C:\WINDOWS\System32\RPCRT4.dll
0x00007ffa2d4d0000 - 0x00007ffa2d544000 	C:\WINDOWS\System32\WS2_32.dll
0x00007ffa2b610000 - 0x00007ffa2b66e000 	C:\WINDOWS\SYSTEM32\POWRPROF.dll
0x00007ffa23770000 - 0x00007ffa2377b000 	C:\WINDOWS\SYSTEM32\VERSION.dll
0x00007ffa11580000 - 0x00007ffa115b5000 	C:\WINDOWS\SYSTEM32\WINMM.dll
0x00007ffa2b5f0000 - 0x00007ffa2b604000 	C:\WINDOWS\SYSTEM32\UMPDC.dll
0x00007ffa2a520000 - 0x00007ffa2a53b000 	C:\WINDOWS\SYSTEM32\kernel.appcore.dll
0x00007ffa16440000 - 0x00007ffa1644a000 	D:\Java\jdk-21.0.1+12\bin\jimage.dll
0x00007ffa290f0000 - 0x00007ffa29332000 	C:\WINDOWS\SYSTEM32\DBGHELP.DLL
0x00007ffa2dce0000 - 0x00007ffa2e065000 	C:\WINDOWS\System32\combase.dll
0x00007ffa2da30000 - 0x00007ffa2db06000 	C:\WINDOWS\System32\OLEAUT32.dll
0x00007ffa11880000 - 0x00007ffa118bc000 	C:\WINDOWS\SYSTEM32\dbgcore.DLL
0x00007ffa2c190000 - 0x00007ffa2c235000 	C:\WINDOWS\System32\bcryptPrimitives.dll
0x00007ffa16420000 - 0x00007ffa1643f000 	D:\Java\jdk-21.0.1+12\bin\java.dll

dbghelp: loaded successfully - version: 4.0.5 - missing functions: none
symbol engine: initialized successfully - sym options: 0x614 - pdb path: .;D:\Java\jdk-21.0.1+12\bin;C:\WINDOWS\SYSTEM32;C:\WINDOWS\WinSxS\amd64_microsoft.windows.common-controls_6595b64144ccf1df_6.0.26100.7309_none_3e05feeae336a044;D:\Java\jdk-21.0.1+12\bin\server

VM Arguments:
jvm_args: -XX:TieredStopAtLevel=1 
java_command: MJC.RGSons.RgSonsApplication
java_class_path (initial): D:\JCCode\Web\RGSons\target\classes;C:\Users\Administrator\.m2\repository\org\springframework\boot\spring-boot\3.2.0\spring-boot-3.2.0.jar;C:\Users\Administrator\.m2\repository\org\springframework\boot\spring-boot-autoconfigure\3.2.0\spring-boot-autoconfigure-3.2.0.jar;C:\Users\Administrator\.m2\repository\ch\qos\logback\logback-classic\1.4.11\logback-classic-1.4.11.jar;C:\Users\Administrator\.m2\repository\ch\qos\logback\logback-core\1.4.11\logback-core-1.4.11.jar;C:\Users\Administrator\.m2\repository\org\apache\logging\log4j\log4j-to-slf4j\2.21.1\log4j-to-slf4j-2.21.1.jar;C:\Users\Administrator\.m2\repository\org\slf4j\jul-to-slf4j\2.0.9\jul-to-slf4j-2.0.9.jar;C:\Users\Administrator\.m2\repository\jakarta\annotation\jakarta.annotation-api\2.1.1\jakarta.annotation-api-2.1.1.jar;C:\Users\Administrator\.m2\repository\org\yaml\snakeyaml\2.2\snakeyaml-2.2.jar;C:\Users\Administrator\.m2\repository\com\fasterxml\jackson\core\jackson-databind\2.15.3\jackson-databind-2.15.3.jar;C:\Users\Administrator\.m2\repository\com\fasterxml\jackson\core\jackson-annotations\2.15.3\jackson-annotations-2.15.3.jar;C:\Users\Administrator\.m2\repository\com\fasterxml\jackson\core\jackson-core\2.15.3\jackson-core-2.15.3.jar;C:\Users\Administrator\.m2\repository\com\fasterxml\jackson\datatype\jackson-datatype-jdk8\2.15.3\jackson-datatype-jdk8-2.15.3.jar;C:\Users\Administrator\.m2\repository\com\fasterxml\jackson\datatype\jackson-datatype-jsr310\2.15.3\jackson-datatype-jsr310-2.15.3.jar;C:\Users\Administrator\.m2\repository\com\fasterxml\jackson\module\jackson-module-parameter-names\2.15.3\jackson-module-parameter-names-2.15.3.jar;C:\Users\Administrator\.m2\repository\org\apache\tomcat\embed\tomcat-embed-core\10.1.16\tomcat-embed-core-10.1.16.jar;C:\Users\Administrator\.m2\repository\org\apache\tomcat\embed\tomcat-embed-websocket\10.1.16\tomcat-embed-websocket-10.1.16.jar;C:\Users\Administrator\.m2\repository\org\springframework\spring-web\6.1.1\spring-web-6.1.1.jar;C:\Users\Administrator\.m2\repository\org\springframework\spring-beans\6.1.1\spring-beans-6.1.1.jar;C:\Users\Administrator\.m2\repository\io\micrometer\micrometer-observation\1.12.0\micrometer-observation-1.12.0.jar;C:\Users\Administrator\.m2\repository\io\micrometer\micrometer-commons\1.12.0\micrometer-commons-1.12.0.jar;C:\Users\Administrator\.m2\repository\org\springframework\spring-webmvc\6.1.1\spring-webmvc-6.1.1.jar;C:\Users\Administrator\.m2\repository\org\springframework\spring-aop\6.1.1\spring-aop-6.1.1.jar;C:\Users\Administrator\.m2\repository\org\springframework\spring-context\6.1.1\spring-context-6.1.1.jar;C:\Users\Administrator\.m2\repository\org\springframework\spring-expression\6.1.1\spring-expression-6.1.1.jar;C:\Users\Administrator\.m2\repository\org\mongodb\mongodb-driver-sync\4.11.1\mongodb-driver-sync-4.11.1.jar;C:\Users\Administrator\.m2\repository\org\mongodb\bson\4.11.1\bson-4.11.1.jar;C:\Users\Administrator\.m2\repository\org\mongodb\mongodb-driver-core\4.11.1\mongodb-driver-core-4.11.1.jar;C:\Users\Administrator\.m2\repository\org\mongodb\bson-record-codec\4.11.1\bson-record-codec-4.11.1.jar;C:\Users\Administrator\.m2\repository\org\springframework\data\spring-data-mongodb\4.2.0\spring-data-mongodb-4.2.0.jar;C:\Users\Administrator\.m2\repository\org\springframework\spring-tx\6.1.1\spring-tx-6.1.1.jar;C:\Users\Administrator\.m2\repository\org\springframework\data\spring-data-commons\3.2.0\spring-data-commons-3.2.0.jar;C:\Users\Administrator\.m2\repository\org\slf4j\slf4j-api\2.0.9\slf4j-api-2.0.9.jar;C:\Users\Administrator\.m2\repository\org\apache\tomcat\embed\tomcat-embed-el\10.1.16\tomcat-embed-el-10.1.16.jar;C:\Users\Administrator\.m2\repository\org\hibernate\validator\hibernate-validator\8.0.1.Final\hibernate-validator-8.0.1.Final.jar;C:\Users\Administrator\.m2\repository\jakarta\validation\jakarta.validation-api\3.0.2\jakarta.validation-api-3.0.2.jar;C:\Users\Administrator\.m2\repository\org\jboss\logging\jboss-logging\3.5.3.Final\jboss-logging-3.5.3.Final.jar;C:\Users\Administrator\.m2\repository\com\fasterxml\classmate\1.6.0\classmate-1.6.0.jar;C:\Users\Administrator\.m2\repository\org\thymeleaf\thymeleaf-spring6\3.1.2.RELEASE\thymeleaf-spring6-3.1.2.RELEASE.jar;C:\Users\Administrator\.m2\repository\org\thymeleaf\thymeleaf\3.1.2.RELEASE\thymeleaf-3.1.2.RELEASE.jar;C:\Users\Administrator\.m2\repository\org\attoparser\attoparser\2.0.7.RELEASE\attoparser-2.0.7.RELEASE.jar;C:\Users\Administrator\.m2\repository\org\unbescape\unbescape\1.1.6.RELEASE\unbescape-1.1.6.RELEASE.jar;C:\Users\Administrator\.m2\repository\org\apache\poi\poi-ooxml\5.2.3\poi-ooxml-5.2.3.jar;C:\Users\Administrator\.m2\repository\org\apache\poi\poi\5.2.3\poi-5.2.3.jar;C:\Users\Administrator\.m2\repository\commons-codec\commons-codec\1.16.0\commons-codec-1.16.0.jar;C:\Users\Administrator\.m2\repository\org\apache\commons\commons-math3\3.6.1\commons-math3-3.6.1.jar;C:\Users\Administrator\.m2\repository\com\zaxxer\SparseBitSet\1.2\SparseBitSet-1.2.jar;C:\Users\Administrator\.m2\repository\org\apache\poi\poi-ooxml-lite\5.2.3\poi-ooxml-lite-5.2.3.jar;C:\Users\Administrator\.m2\repository\org\apache\xmlbeans\xmlbeans\5.1.1\xmlbeans-5.1.1.jar;C:\Users\Administrator\.m2\repository\org\apache\commons\commons-compress\1.21\commons-compress-1.21.jar;C:\Users\Administrator\.m2\repository\commons-io\commons-io\2.11.0\commons-io-2.11.0.jar;C:\Users\Administrator\.m2\repository\com\github\virtuald\curvesapi\1.07\curvesapi-1.07.jar;C:\Users\Administrator\.m2\repository\org\apache\logging\log4j\log4j-api\2.21.1\log4j-api-2.21.1.jar;C:\Users\Administrator\.m2\repository\org\apache\commons\commons-collections4\4.4\commons-collections4-4.4.jar;C:\Users\Administrator\.m2\repository\org\springframework\spring-core\6.1.1\spring-core-6.1.1.jar;C:\Users\Administrator\.m2\repository\org\springframework\spring-jcl\6.1.1\spring-jcl-6.1.1.jar;C:\Users\Administrator\.m2\repository\de\flapdoodle\embed\de.flapdoodle.embed.mongo\4.11.0\de.flapdoodle.embed.mongo-4.11.0.jar;C:\Users\Administrator\.m2\repository\de\flapdoodle\embed\de.flapdoodle.embed.process\4.10.1\de.flapdoodle.embed.process-4.10.1.jar;C:\Users\Administrator\.m2\repository\de\flapdoodle\reverse\de.flapdoodle.reverse\1.7.2\de.flapdoodle.reverse-1.7.2.jar;C:\Users\Administrator\.m2\repository\de\flapdoodle\graph\de.flapdoodle.graph\1.3.3\de.flapdoodle.graph-1.3.3.jar;C:\Users\Administrator\.m2\repository\org\jgrapht\jgrapht-core\1.4.0\jgrapht-core-1.4.0.jar;C:\Users\Administrator\.m2\repository\org\jheaps\jheaps\0.11\jheaps-0.11.jar;C:\Users\Administrator\.m2\repository\de\flapdoodle\java8\de.flapdoodle.java8\1.4.2\de.flapdoodle.java8-1.4.2.jar;C:\Users\Administrator\.m2\repository\org\apache\commons\commons-lang3\3.13.0\commons-lang3-3.13.0.jar;C:\Users\Administrator\.m2\repository\net\java\dev\jna\jna\5.13.0\jna-5.13.0.jar;C:\Users\Administrator\.m2\repository\net\java\dev\jna\jna-platform\5.13.0\jna-platform-5.13.0.jar;C:\Users\Administrator\.m2\repository\de\flapdoodle\de.flapdoodle.os-api\1.4.1\de.flapdoodle.os-api-1.4.1.jar;C:\Users\Administrator\.m2\repository\de\flapdoodle\embed\de.flapdoodle.embed.mongo.packageresolver\4.10.2\de.flapdoodle.embed.mongo.packageresolver-4.10.2.jar;C:\Users\Administrator\.m2\repository\de\flapdoodle\de.flapdoodle.os\1.5.3\de.flapdoodle.os-1.5.3.jar
Launcher Type: SUN_STANDARD

[Global flags]
     intx CICompilerCount                          = 4                                         {product} {ergonomic}
     uint ConcGCThreads                            = 2                                         {product} {ergonomic}
     uint G1ConcRefinementThreads                  = 8                                         {product} {ergonomic}
   size_t G1HeapRegionSize                         = 1048576                                   {product} {ergonomic}
    uintx GCDrainStackTargetSize                   = 64                                        {product} {ergonomic}
   size_t InitialHeapSize                          = 132120576                                 {product} {ergonomic}
   size_t MarkStackSize                            = 4194304                                   {product} {ergonomic}
   size_t MaxHeapSize                              = 2099249152                                {product} {ergonomic}
   size_t MinHeapDeltaBytes                        = 1048576                                   {product} {ergonomic}
   size_t MinHeapSize                              = 8388608                                   {product} {ergonomic}
    uintx NonNMethodCodeHeapSize                   = 4096                                   {pd product} {ergonomic}
    uintx NonProfiledCodeHeapSize                  = 0                                      {pd product} {ergonomic}
     bool ProfileInterpreter                       = false                                  {pd product} {command line}
    uintx ProfiledCodeHeapSize                     = 0                                      {pd product} {ergonomic}
   size_t SoftMaxHeapSize                          = 2099249152                             {manageable} {ergonomic}
     intx TieredStopAtLevel                        = 1                                         {product} {command line}
     bool UseCompressedOops                        = true                           {product lp64_product} {ergonomic}
     bool UseG1GC                                  = true                                      {product} {ergonomic}
     bool UseLargePagesIndividualAllocation        = false                                  {pd product} {ergonomic}

Logging:
Log output configuration:
 #0: stdout all=warning uptime,level,tags foldmultilines=false
 #1: stderr all=off uptime,level,tags foldmultilines=false

Environment Variables:
JAVA_HOME=D:\Java\jdk-21.0.1+12
PATH=D:\Java\jdk-21.0.1+12\bin;D:\Java\jdk-21.0.1+12\bin;D:\Java\jdk-21.0.1+12\bin;D:\Java\jdk-21.0.1+12\bin;D:\Java\jdk-21.0.1+12\bin;D:\Java\jdk-21.0.1+12\bin;D:\Java\jdk-21.0.1+12\bin;D:\Java\jdk-21.0.1+12\bin;D:\\Java\\jdk1.8.0_202\\bin;C:\\Users\\Administrator\\.trae\\tools\\maven\\latest\\bin;C:\\Users\\Administrator\\.trae\\tools\\gradle\\latest\\bin;c:\\Users\\Administrator\\.trae\\sdks\\workspaces\\6d0160f8\\versions\\node\\current;c:\\Users\\Administrator\\.trae\\sdks\\versions\\node\\current;D:\Java\jdk1.8.0_202\bin;C:\Users\Administrator\.trae\tools\maven\latest\bin;C:\Users\Administrator\.trae\tools\gradle\latest\bin;c:\Users\Administrator\.trae\sdks\workspaces\6d0160f8\versions\node\current;c:\Users\Administrator\.trae\sdks\versions\node\current;C:\Program Files (x86)\Common Files\Oracle\Java\javapath;C:\Program Files\Microsoft\jdk-21.0.8.9-hotspot\bin;C:\WINDOWS\system32;C:\WINDOWS;C:\WINDOWS\System32\Wbem;C:\WINDOWS\System32\WindowsPowerShell\v1.0\;C:\WINDOWS\System32\OpenSSH\;C:\ProgramData\chocolatey\bin;C:\ProgramData\chocolatey\lib\maven\apache-maven-3.9.11\bin;C:\Program Files (x86)\Microsoft SQL Server\150\DTS\Binn\;C:\Program Files\Microsoft SQL Server\Client SDK\ODBC\170\Tools\Binn\;C:\Program Files (x86)\Microsoft SQL Server\150\Tools\Binn\;C:\Program Files\Microsoft SQL Server\150\Tools\Binn\;C:\Program Files\Microsoft SQL Server\150\DTS\Binn\;C:\Program Files\nodejs\;C:\Program Files (x86)\HP\Common\HPDestPlgIn\;C:\Program Files\Git\cmd;C:\Users\Administrator\AppData\Local\Programs\Python\Python311\Scripts\;C:\Users\Administrator\AppData\Local\Programs\Python\Python311\;D:\java\jdk-21.0.1+12\bin;C:\Program Files\Microsoft\jdk-21.0.8.9-hotspot\bin;C:\Users\Administrator\AppData\Local\Microsoft\WindowsApps;;C:\Program Files\Azure Data Studio\bin;C:\Users\Administrator\AppData\Roaming\npm;C:\Program Files (x86)\HP\Common\HPDestPlgIn\;c:\Users\Administrator\.trae\extensions\vscjava.vscode-java-debug-0.58.4-universal\bundled\scripts\noConfigScripts
USERNAME=Administrator
LANG=en_US.UTF-8
OS=Windows_NT
PROCESSOR_IDENTIFIER=Intel64 Family 6 Model 142 Stepping 12, GenuineIntel
TMP=C:\Users\ADMINI~1\AppData\Local\Temp
TEMP=C:\Users\ADMINI~1\AppData\Local\Temp




Periodic native trim disabled

---------------  S Y S T E M  ---------------

OS:
 Windows 11 , 64 bit Build 26100 (10.0.26100.7309)
OS uptime: 3 days 8:25 hours
Hyper-V role detected

CPU: total 8 (initial active 8) (4 cores per cpu, 2 threads per core) family 6 model 142 stepping 12 microcode 0x100, cx8, cmov, fxsr, ht, mmx, 3dnowpref, sse, sse2, sse3, ssse3, sse4.1, sse4.2, popcnt, lzcnt, tsc, tscinvbit, avx, avx2, aes, erms, clmul, bmi1, bmi2, adx, fma, vzeroupper, clflush, clflushopt, hv, rdtscp, f16c
Processor Information for processor 0
  Max Mhz: 2112, Current Mhz: 1508, Mhz Limit: 1900
Processor Information for processor 1
  Max Mhz: 2112, Current Mhz: 1508, Mhz Limit: 1900
Processor Information for processor 2
  Max Mhz: 2112, Current Mhz: 1910, Mhz Limit: 1900
Processor Information for processor 3
  Max Mhz: 2112, Current Mhz: 1508, Mhz Limit: 1900
Processor Information for processor 4
  Max Mhz: 2112, Current Mhz: 1508, Mhz Limit: 1900
Processor Information for processor 5
  Max Mhz: 2112, Current Mhz: 1910, Mhz Limit: 1900
Processor Information for processor 6
  Max Mhz: 2112, Current Mhz: 1910, Mhz Limit: 1900
Processor Information for processor 7
  Max Mhz: 2112, Current Mhz: 1508, Mhz Limit: 1900

Memory: 4k page, system-wide physical 8006M (392M free)
TotalPageFile size 26664M (AvailPageFile size 7M)
current process WorkingSet (physical memory assigned to process): 11M, peak: 11M
current process commit charge ("private bytes"): 13M, peak: 14M

vm_info: OpenJDK 64-Bit Server VM (21.0.1+12-LTS) for windows-amd64 JRE (21.0.1+12-LTS), built on 2023-10-17T00:00:00Z by "admin" with unknown MS VC++:1937

END.
