2026-02-23T00:06:22.999+05:30  INFO 17528 --- [RGSons] [main] MJC.RGSons.RgSonsApplication             : Starting RgSonsApplication using Java 21.0.1 with PID 17528 (D:\JCCode\Web\RGSons\target\classes started by Administrator in D:\JCCode\Web\RGSons)
2026-02-23T00:06:23.012+05:30 DEBUG 17528 --- [RGSons] [main] MJC.RGSons.RgSonsApplication             : Running with Spring Boot v3.2.0, Spring v6.1.1
2026-02-23T00:06:23.016+05:30  INFO 17528 --- [RGSons] [main] MJC.RGSons.RgSonsApplication             : No active profile set, falling back to 1 default profile: "default"
2026-02-23T00:06:25.069+05:30  INFO 17528 --- [RGSons] [main] .s.d.r.c.RepositoryConfigurationDelegate : Bootstrapping Spring Data JPA repositories in DEFAULT mode.
2026-02-23T00:06:25.363+05:30  INFO 17528 --- [RGSons] [main] .s.d.r.c.RepositoryConfigurationDelegate : Finished Spring Data repository scanning in 255 ms. Found 29 JPA repository interfaces.
2026-02-23T00:06:26.746+05:30  INFO 17528 --- [RGSons] [main] o.s.b.w.embedded.tomcat.TomcatWebServer  : Tomcat initialized with port 8080 (http)
2026-02-23T00:06:26.786+05:30  INFO 17528 --- [RGSons] [main] o.apache.catalina.core.StandardService   : Starting service [Tomcat]
2026-02-23T00:06:26.787+05:30  INFO 17528 --- [RGSons] [main] o.apache.catalina.core.StandardEngine    : Starting Servlet engine: [Apache Tomcat/10.1.16]
2026-02-23T00:06:27.154+05:30  INFO 17528 --- [RGSons] [main] o.a.c.c.C.[Tomcat].[localhost].[/]       : Initializing Spring embedded WebApplicationContext
2026-02-23T00:06:27.154+05:30  INFO 17528 --- [RGSons] [main] w.s.c.ServletWebServerApplicationContext : Root WebApplicationContext: initialization completed in 4006 ms
2026-02-23T00:06:27.832+05:30  INFO 17528 --- [RGSons] [main] o.hibernate.jpa.internal.util.LogHelper  : HHH000204: Processing PersistenceUnitInfo [name: default]
2026-02-23T00:06:27.997+05:30  INFO 17528 --- [RGSons] [main] org.hibernate.Version                    : HHH000412: Hibernate ORM core version 6.3.1.Final
2026-02-23T00:06:28.122+05:30  INFO 17528 --- [RGSons] [main] o.h.c.internal.RegionFactoryInitiator    : HHH000026: Second-level cache disabled
2026-02-23T00:06:28.683+05:30  INFO 17528 --- [RGSons] [main] o.s.o.j.p.SpringPersistenceUnitInfo      : No LoadTimeWeaver setup: ignoring JPA class transformer
2026-02-23T00:06:28.788+05:30  INFO 17528 --- [RGSons] [main] com.zaxxer.hikari.HikariDataSource       : HikariPool-1 - Starting...
2026-02-23T00:06:29.542+05:30  INFO 17528 --- [RGSons] [main] com.zaxxer.hikari.pool.HikariPool        : HikariPool-1 - Added connection ConnectionID:1 ClientConnectionId: d767e8ea-09bb-4ba0-a8f9-75031a4e126a
2026-02-23T00:06:29.549+05:30  INFO 17528 --- [RGSons] [main] com.zaxxer.hikari.HikariDataSource       : HikariPool-1 - Start completed.
2026-02-23T00:06:29.614+05:30  WARN 17528 --- [RGSons] [main] org.hibernate.orm.deprecation            : HHH90000025: SQLServerDialect does not need to be specified explicitly using 'hibernate.dialect' (remove the property setting and it will be selected by default)
2026-02-23T00:06:32.029+05:30  INFO 17528 --- [RGSons] [main] o.h.e.t.j.p.i.JtaPlatformInitiator       : HHH000489: No JTA platform available (set 'hibernate.transaction.jta.platform' to enable JTA platform integration)
2026-02-23T00:06:32.037+05:30  INFO 17528 --- [RGSons] [main] j.LocalContainerEntityManagerFactoryBean : Initialized JPA EntityManagerFactory for persistence unit 'default'
2026-02-23T00:06:32.756+05:30  INFO 17528 --- [RGSons] [main] o.s.d.j.r.query.QueryEnhancerFactory     : Hibernate is in classpath; If applicable, HQL parser will be used.
2026-02-23T00:06:36.053+05:30  INFO 17528 --- [RGSons] [main] o.s.b.a.w.s.WelcomePageHandlerMapping    : Adding welcome page: class path resource [static/index.html]
2026-02-23T00:06:36.581+05:30  INFO 17528 --- [RGSons] [main] o.s.b.w.embedded.tomcat.TomcatWebServer  : Tomcat started on port 8080 (http) with context path ''
2026-02-23T00:06:36.594+05:30  INFO 17528 --- [RGSons] [main] MJC.RGSons.RgSonsApplication             : Started RgSonsApplication in 14.677 seconds (process running for 15.538)
2026-02-23T00:16:40.700+05:30  INFO 24820 --- [RGSons] [main] MJC.RGSons.RgSonsApplication             : Starting RgSonsApplication using Java 21.0.1 with PID 24820 (D:\JCCode\Web\RGSons\target\classes started by Administrator in D:\JCCode\Web\RGSons)
2026-02-23T00:16:40.703+05:30 DEBUG 24820 --- [RGSons] [main] MJC.RGSons.RgSonsApplication             : Running with Spring Boot v3.2.0, Spring v6.1.1
2026-02-23T00:16:40.705+05:30  INFO 24820 --- [RGSons] [main] MJC.RGSons.RgSonsApplication             : No active profile set, falling back to 1 default profile: "default"
2026-02-23T00:16:42.554+05:30  INFO 24820 --- [RGSons] [main] .s.d.r.c.RepositoryConfigurationDelegate : Bootstrapping Spring Data JPA repositories in DEFAULT mode.
2026-02-23T00:16:42.832+05:30  INFO 24820 --- [RGSons] [main] .s.d.r.c.RepositoryConfigurationDelegate : Finished Spring Data repository scanning in 258 ms. Found 29 JPA repository interfaces.
2026-02-23T00:16:44.170+05:30  INFO 24820 --- [RGSons] [main] o.s.b.w.embedded.tomcat.TomcatWebServer  : Tomcat initialized with port 8080 (http)
2026-02-23T00:16:44.206+05:30  INFO 24820 --- [RGSons] [main] o.apache.catalina.core.StandardService   : Starting service [Tomcat]
2026-02-23T00:16:44.206+05:30  INFO 24820 --- [RGSons] [main] o.apache.catalina.core.StandardEngine    : Starting Servlet engine: [Apache Tomcat/10.1.16]
2026-02-23T00:16:44.354+05:30  INFO 24820 --- [RGSons] [main] o.a.c.c.C.[Tomcat].[localhost].[/]       : Initializing Spring embedded WebApplicationContext
2026-02-23T00:16:44.356+05:30  INFO 24820 --- [RGSons] [main] w.s.c.ServletWebServerApplicationContext : Root WebApplicationContext: initialization completed in 3558 ms
2026-02-23T00:16:44.751+05:30  INFO 24820 --- [RGSons] [main] o.hibernate.jpa.internal.util.LogHelper  : HHH000204: Processing PersistenceUnitInfo [name: default]
2026-02-23T00:16:44.869+05:30  INFO 24820 --- [RGSons] [main] org.hibernate.Version                    : HHH000412: Hibernate ORM core version 6.3.1.Final
2026-02-23T00:16:44.951+05:30  INFO 24820 --- [RGSons] [main] o.h.c.internal.RegionFactoryInitiator    : HHH000026: Second-level cache disabled
2026-02-23T00:16:45.466+05:30  INFO 24820 --- [RGSons] [main] o.s.o.j.p.SpringPersistenceUnitInfo      : No LoadTimeWeaver setup: ignoring JPA class transformer
2026-02-23T00:16:45.527+05:30  INFO 24820 --- [RGSons] [main] com.zaxxer.hikari.HikariDataSource       : HikariPool-1 - Starting...
2026-02-23T00:16:46.215+05:30  INFO 24820 --- [RGSons] [main] com.zaxxer.hikari.pool.HikariPool        : HikariPool-1 - Added connection ConnectionID:1 ClientConnectionId: 641a2aa3-f6cc-47c4-87d8-ea7ba2b2cb45
2026-02-23T00:16:46.216+05:30  INFO 24820 --- [RGSons] [main] com.zaxxer.hikari.HikariDataSource       : HikariPool-1 - Start completed.
2026-02-23T00:16:46.278+05:30  WARN 24820 --- [RGSons] [main] org.hibernate.orm.deprecation            : HHH90000025: SQLServerDialect does not need to be specified explicitly using 'hibernate.dialect' (remove the property setting and it will be selected by default)
2026-02-23T00:16:48.478+05:30  INFO 24820 --- [RGSons] [main] o.h.e.t.j.p.i.JtaPlatformInitiator       : HHH000489: No JTA platform available (set 'hibernate.transaction.jta.platform' to enable JTA platform integration)
2026-02-23T00:16:48.485+05:30  INFO 24820 --- [RGSons] [main] j.LocalContainerEntityManagerFactoryBean : Initialized JPA EntityManagerFactory for persistence unit 'default'
2026-02-23T00:16:49.128+05:30  INFO 24820 --- [RGSons] [main] o.s.d.j.r.query.QueryEnhancerFactory     : Hibernate is in classpath; If applicable, HQL parser will be used.
2026-02-23T00:16:53.148+05:30  INFO 24820 --- [RGSons] [main] o.s.b.a.w.s.WelcomePageHandlerMapping    : Adding welcome page: class path resource [static/index.html]
2026-02-23T00:16:53.752+05:30  INFO 24820 --- [RGSons] [main] o.s.b.w.embedded.tomcat.TomcatWebServer  : Tomcat started on port 8080 (http) with context path ''
2026-02-23T00:16:53.765+05:30  INFO 24820 --- [RGSons] [main] MJC.RGSons.RgSonsApplication             : Started RgSonsApplication in 13.904 seconds (process running for 14.648)
2026-02-23T00:17:26.327+05:30  INFO 24820 --- [RGSons] [http-nio-8080-exec-2] o.a.c.c.C.[Tomcat].[localhost].[/]       : Initializing Spring DispatcherServlet 'dispatcherServlet'
2026-02-23T00:17:26.328+05:30  INFO 24820 --- [RGSons] [http-nio-8080-exec-2] o.s.web.servlet.DispatcherServlet        : Initializing Servlet 'dispatcherServlet'
2026-02-23T00:17:26.333+05:30  INFO 24820 --- [RGSons] [http-nio-8080-exec-2] o.s.web.servlet.DispatcherServlet        : Completed initialization in 5 ms
2026-02-23T04:31:27.088+05:30  WARN 24820 --- [RGSons] [HikariPool-1 housekeeper] com.zaxxer.hikari.pool.HikariPool        : HikariPool-1 - Thread starvation or clock leap detected (housekeeper delta=3h49m9s752ms550µs600ns).
2026-02-23T09:32:33.963+05:30  WARN 24820 --- [RGSons] [HikariPool-1 housekeeper] com.zaxxer.hikari.pool.HikariPool        : HikariPool-1 - Thread starvation or clock leap detected (housekeeper delta=5h1m12s561ms949µs300ns).
2026-02-23T13:09:15.310+05:30  WARN 24820 --- [RGSons] [HikariPool-1 housekeeper] com.zaxxer.hikari.pool.HikariPool        : HikariPool-1 - Thread starvation or clock leap detected (housekeeper delta=2m356ms252µs500ns).
2026-02-23T15:29:08.190+05:30  WARN 24820 --- [RGSons] [HikariPool-1 housekeeper] com.zaxxer.hikari.pool.HikariPool        : HikariPool-1 - Thread starvation or clock leap detected (housekeeper delta=2h19m53s168ms792µs500ns).
2026-02-23T15:59:15.350+05:30  WARN 24820 --- [RGSons] [HikariPool-1 housekeeper] com.zaxxer.hikari.pool.HikariPool        : HikariPool-1 - Thread starvation or clock leap detected (housekeeper delta=1m5s928ms779µs500ns).
2026-02-23T17:04:51.524+05:30  WARN 24820 --- [RGSons] [HikariPool-1 housekeeper] com.zaxxer.hikari.pool.HikariPool        : HikariPool-1 - Thread starvation or clock leap detected (housekeeper delta=43m34s154ms348µs900ns).
2026-02-23T17:44:10.525+05:30  WARN 24820 --- [RGSons] [HikariPool-1 housekeeper] com.zaxxer.hikari.pool.HikariPool        : HikariPool-1 - Thread starvation or clock leap detected (housekeeper delta=8m42s731ms746µs500ns).
2026-02-23T18:02:57.177+05:30  WARN 24820 --- [RGSons] [HikariPool-1 housekeeper] com.zaxxer.hikari.pool.HikariPool        : HikariPool-1 - Thread starvation or clock leap detected (housekeeper delta=11m45s226ms34µs600ns).
2026-02-23T18:17:34.992+05:30  WARN 24820 --- [RGSons] [HikariPool-1 housekeeper] com.zaxxer.hikari.pool.HikariPool        : HikariPool-1 - Thread starvation or clock leap detected (housekeeper delta=8m7s685ms282µs).
2026-02-23T18:40:16.189+05:30  WARN 24820 --- [RGSons] [HikariPool-1 housekeeper] com.zaxxer.hikari.pool.HikariPool        : HikariPool-1 - Thread starvation or clock leap detected (housekeeper delta=16m11s56ms960µs100ns).
2026-02-23T20:48:26.197+05:30  WARN 24820 --- [RGSons] [HikariPool-1 housekeeper] com.zaxxer.hikari.pool.HikariPool        : HikariPool-1 - Thread starvation or clock leap detected (housekeeper delta=1m7s792ms93µs400ns).
2026-02-23T22:20:41.036+05:30  WARN 24820 --- [RGSons] [HikariPool-1 housekeeper] com.zaxxer.hikari.pool.HikariPool        : HikariPool-1 - Thread starvation or clock leap detected (housekeeper delta=1h10m49s271ms916µs700ns).
